<?xml version="1.0" encoding="UTF-8"?>
<testsuite xmlns:xsi="http://www.w3.org/2001/XMLSchema-instance" xsi:noNamespaceSchemaLocation="https://maven.apache.org/surefire/maven-surefire-plugin/xsd/surefire-test-report.xsd" version="3.0.2" name="com.dch.dchelearning.ElearningApplicationTests" time="9.218" tests="1" errors="0" skipped="0" failures="0" flakes="0">
  <properties>
[...]
</properties>
  <testcase name="contextLoads" classname="com.dch.dchelearning.ElearningApplicationTests" time="0.449">
    <system-out><![CDATA[20:06:39.405 [main] INFO org.springframework.test.context.support.AnnotationConfigContextLoaderUtils -- Could not detect default configuration classes for test class [com.dch.dchelearning.ElearningApplicationTests]: ElearningApplicationTests does not declare any static, non-private, non-final, nested classes annotated with @Configuration.
20:06:39.447 [main] INFO org.testcontainers.images.PullPolicy -- Image pull policy will be performed by: DefaultPullPolicy()
20:06:39.449 [main] INFO org.testcontainers.utility.ImageNameSubstitutor -- Image name substitution will be performed by: DefaultImageNameSubstitutor (composite of 'ConfigurationFileImageNameSubstitutor' and 'PrefixingImageNameSubstitutor')
20:06:39.477 [main] INFO org.testcontainers.DockerClientFactory -- Testcontainers version: 1.20.1
20:06:39.614 [main] INFO org.testcontainers.dockerclient.DockerClientProviderStrategy -- Loaded org.testcontainers.dockerclient.UnixSocketClientProviderStrategy from ~/.testcontainers.properties, will try it first
20:06:40.812 [main] INFO org.testcontainers.dockerclient.DockerClientProviderStrategy -- Found Docker environment with Environment variables, system properties and defaults. Resolved dockerHost=unix:///run/user/1000/podman/podman.sock
20:06:40.813 [main] INFO org.testcontainers.DockerClientFactory -- Docker host IP address is localhost
20:06:41.524 [main] INFO org.testcontainers.DockerClientFactory -- Connected to docker: 
  Server Version: 5.7.0
  API Version: 1.41
  Operating System: ubuntu
  Total Memory: 31230 MB
20:06:41.575 [main] INFO tc.testcontainers/ryuk:0.8.1 -- Creating container for image: testcontainers/ryuk:0.8.1
20:06:41.579 [main] INFO org.testcontainers.utility.RegistryAuthLocator -- Failure when attempting to lookup auth config. Please ignore if you don't have images in an authenticated registry. Details: (dockerImageName: testcontainers/ryuk:0.8.1, configFile: /home/dch/.docker/config.json, configEnv: DOCKER_AUTH_CONFIG). Falling back to docker-java default behaviour. Exception message: Status 404: No config supplied. Checked in order: /home/dch/.docker/config.json (file not found), DOCKER_AUTH_CONFIG (not set)
20:06:41.651 [main] INFO tc.testcontainers/ryuk:0.8.1 -- Container testcontainers/ryuk:0.8.1 is starting: 1008f8ce18b2a203c82462061d2bf5dadf0b8ab8da6579046d7caf4a1b1378ad
20:06:42.951 [main] INFO tc.testcontainers/ryuk:0.8.1 -- Container testcontainers/ryuk:0.8.1 started in PT1.375641137S
20:06:42.959 [main] INFO org.testcontainers.utility.RyukResourceReaper -- Ryuk started - will monitor and terminate Testcontainers containers on JVM exit
20:06:42.960 [main] INFO org.testcontainers.DockerClientFactory -- Checking the system...
20:06:42.960 [main] INFO org.testcontainers.DockerClientFactory -- ✔︎ Docker server version should be at least 1.6.0
20:06:43.081 [main] INFO org.springframework.boot.test.context.SpringBootTestContextBootstrapper -- Found @SpringBootConfiguration com.dch.dchelearning.ElearningApplication for test class com.dch.dchelearning.ElearningApplicationTests
20:06:43.153 [main] INFO org.springframework.test.context.support.AnnotationConfigContextLoaderUtils -- Could not detect default configuration classes for test class [com.dch.dchelearning.ElearningApplicationTests]: ElearningApplicationTests does not declare any static, non-private, non-final, nested classes annotated with @Configuration.
20:06:43.158 [main] INFO org.springframework.boot.test.context.SpringBootTestContextBootstrapper -- Found @SpringBootConfiguration com.dch.dchelearning.ElearningApplication for test class com.dch.dchelearning.ElearningApplicationTests
20:06:43.183 [main] INFO tc.postgres:18-alpine -- Creating container for image: postgres:18-alpine
20:06:43.233 [main] INFO tc.postgres:18-alpine -- Container postgres:18-alpine is starting: ccaf1e586b5ab6105a985a01d6cd82767bafe9cbfd55bc799c3a33a02b22043b
20:06:45.000 [main] INFO tc.postgres:18-alpine -- Container postgres:18-alpine started in PT1.816993664S
20:06:45.001 [main] INFO tc.postgres:18-alpine -- Container is started (JDBC URL: jdbc:postgresql://localhost:35753/test?loggerLevel=OFF)

  .   ____          _            __ _ _
 /\\ / ___'_ __ _ _(_)_ __  __ _ \ \ \ \
( ( )\___ | '_ | '_| | '_ \/ _` | \ \ \ \
 \\/  ___)| |_)| | | | | || (_| |  ) ) ) )
  '  |____| .__|_| |_|_| |_\__, | / / / /
 =========|_|==============|___/=/_/_/_/

 :: Spring Boot ::                (v4.1.0)

2026-06-14T20:06:45.243+02:00  INFO 42970 --- [           main] c.d.d.ElearningApplicationTests          : Starting ElearningApplicationTests using Java 25.0.3 with PID 42970 (started by dch in /home/dch/IdeaProjects/1/dch-elerning)
2026-06-14T20:06:45.245+02:00  INFO 42970 --- [           main] c.d.d.ElearningApplicationTests          : No active profile set, falling back to 1 default profile: "default"
2026-06-14T20:06:45.877+02:00  INFO 42970 --- [           main] .s.d.r.c.RepositoryConfigurationDelegate : Bootstrapping Spring Data JPA repositories in DEFAULT mode.
2026-06-14T20:06:45.900+02:00  INFO 42970 --- [           main] .s.d.r.c.RepositoryConfigurationDelegate : Finished Spring Data repository scanning in 15 ms. Found 0 JPA repository interfaces.
2026-06-14T20:06:46.285+02:00  INFO 42970 --- [           main] org.hibernate.orm.jpa                    : HHH008540: Processing PersistenceUnitInfo [name: default]
2026-06-14T20:06:46.322+02:00  INFO 42970 --- [           main] org.hibernate.orm.core                   : HHH000001: Hibernate ORM core version 7.4.1.Final
2026-06-14T20:06:46.622+02:00  INFO 42970 --- [           main] o.s.o.j.p.SpringPersistenceUnitInfo      : No LoadTimeWeaver setup: ignoring JPA class transformer
2026-06-14T20:06:46.643+02:00  INFO 42970 --- [           main] com.zaxxer.hikari.HikariDataSource       : HikariPool-1 - Starting...
2026-06-14T20:06:46.801+02:00  INFO 42970 --- [           main] com.zaxxer.hikari.pool.HikariPool        : HikariPool-1 - Added connection org.postgresql.jdbc.PgConnection@70a54731
2026-06-14T20:06:46.803+02:00  INFO 42970 --- [           main] com.zaxxer.hikari.HikariDataSource       : HikariPool-1 - Start completed.
2026-06-14T20:06:46.867+02:00  INFO 42970 --- [           main] org.hibernate.orm.connections.pooling    : HHH10001005: Database info:
	Database JDBC URL [jdbc:postgresql://localhost:35753/test?loggerLevel=OFF]
	Database driver: PostgreSQL JDBC Driver
	Database dialect: PostgreSQLDialect
	Database version: 18.4
	Default catalog/schema: test/public
	Autocommit mode: undefined/unknown
	Isolation level: READ_COMMITTED [default READ_COMMITTED]
	JDBC fetch size: none
	Pool: DataSourceConnectionProvider
	Minimum pool size: undefined/unknown
	Maximum pool size: undefined/unknown
2026-06-14T20:06:47.247+02:00  INFO 42970 --- [           main] org.hibernate.orm.core                   : HHH000489: No JTA platform available (set 'hibernate.transaction.jta.platform' to enable JTA platform integration)
2026-06-14T20:06:47.291+02:00  INFO 42970 --- [           main] j.LocalContainerEntityManagerFactoryBean : Initialized JPA EntityManagerFactory for persistence unit 'default'
2026-06-14T20:06:47.388+02:00  WARN 42970 --- [           main] JpaBaseConfiguration$JpaWebConfiguration : spring.jpa.open-in-view is enabled by default. Therefore, database queries may be performed during view rendering. Explicitly configure spring.jpa.open-in-view to disable this warning
2026-06-14T20:06:47.798+02:00  INFO 42970 --- [           main] c.d.d.ElearningApplicationTests          : Started ElearningApplicationTests in 2.769 seconds (process running for 9.187)
]]></system-out>
    <system-err><![CDATA[Mockito is currently self-attaching to enable the inline-mock-maker. This will no longer work in future releases of the JDK. Please add Mockito as an agent to your build as described in Mockito's documentation: https://javadoc.io/doc/org.mockito/mockito-core/latest/org.mockito/org/mockito/Mockito.html#0.3
WARNING: A Java agent has been loaded dynamically (/home/dch/.m2/repository/net/bytebuddy/byte-buddy-agent/1.18.10/byte-buddy-agent-1.18.10.jar)
WARNING: If a serviceability tool is in use, please run with -XX:+EnableDynamicAgentLoading to hide this warning
WARNING: If a serviceability tool is not in use, please run with -Djdk.instrument.traceUsage for more information
WARNING: Dynamic loading of agents will be disallowed by default in a future release
]]></system-err>
  </testcase>
</testsuite>